2024-02-03 01:31:23,449 - INFO - début journey
2024-02-03 01:31:23,450 - INFO - début while
2024-02-03 01:31:23,450 - INFO - début while
2024-02-03 01:31:23,450 - INFO - début while
2024-02-03 01:31:23,450 - INFO - début while
2024-02-03 01:31:23,450 - INFO - début while
2024-02-03 01:31:23,451 - INFO - début while
2024-02-03 01:31:23,451 - INFO - début while
2024-02-03 01:31:23,451 - INFO - début while
2024-02-03 01:31:23,451 - INFO - début while
2024-02-03 01:31:23,451 - INFO - début while
2024-02-03 01:31:23,451 - INFO - début while
2024-02-03 01:31:23,451 - INFO - début while
2024-02-03 01:31:23,451 - INFO - début while
2024-02-03 01:31:23,451 - INFO - début while
2024-02-03 01:31:23,452 - INFO - début while
2024-02-03 01:31:23,452 - INFO - début while
2024-02-03 01:31:23,452 - INFO - début while
2024-02-03 01:31:23,452 - INFO - début while
2024-02-03 01:31:23,452 - INFO - début while
2024-02-03 01:31:23,452 - INFO - début while
2024-02-03 01:31:23,452 - INFO - début while
2024-02-03 01:31:23,452 - INFO - début while
2024-02-03 01:31:23,453 - INFO - début while
2024-02-03 01:31:23,453 - INFO - début while
2024-02-03 01:31:23,453 - INFO - début while
2024-02-03 01:31:23,453 - INFO - début while
2024-02-03 01:31:23,453 - INFO - début while
2024-02-03 01:31:23,453 - INFO - début while
2024-02-03 01:31:23,453 - INFO - début while
2024-02-03 01:31:23,453 - INFO - début while
2024-02-03 01:31:23,454 - INFO - début while
2024-02-03 01:31:23,454 - INFO - début while
2024-02-03 01:31:23,454 - INFO - Aucun tanks disponibles sur ce timing -> retour au dépôt et démarrage sur la prochaine plage
2024-02-03 01:31:23,454 - INFO - Aucun tanks ne peut être collecté -> plus assez de place dans la cuve retour au dépôt et lancement d'un nouveau cycle
2024-02-03 01:31:23,454 - INFO - Plus assez de temps de travail pour collecter par rapport à l'agent -> on retourne au dépôt et on cloture la journée de collecte
2024-02-03 01:32:33,662 - INFO - début journey
2024-02-03 01:32:33,663 - INFO - début while cycle
2024-02-03 01:32:33,663 - INFO - fin while cycle
2024-02-03 01:32:33,663 - INFO - début while cycle
2024-02-03 01:32:33,663 - INFO - fin while cycle
2024-02-03 01:32:33,664 - INFO - début while cycle
2024-02-03 01:32:33,664 - INFO - fin while cycle
2024-02-03 01:32:33,664 - INFO - début while cycle
2024-02-03 01:32:33,664 - INFO - fin while cycle
2024-02-03 01:32:33,664 - INFO - début while cycle
2024-02-03 01:32:33,664 - INFO - fin while cycle
2024-02-03 01:32:33,664 - INFO - début while cycle
2024-02-03 01:32:33,664 - INFO - fin while cycle
2024-02-03 01:32:33,664 - INFO - début while cycle
2024-02-03 01:32:33,664 - INFO - fin while cycle
2024-02-03 01:32:33,664 - INFO - début while cycle
2024-02-03 01:32:33,664 - INFO - fin while cycle
2024-02-03 01:32:33,664 - INFO - début while cycle
2024-02-03 01:32:33,665 - INFO - fin while cycle
2024-02-03 01:32:33,665 - INFO - début while cycle
2024-02-03 01:32:33,665 - INFO - fin while cycle
2024-02-03 01:32:33,665 - INFO - début while cycle
2024-02-03 01:32:33,665 - INFO - fin while cycle
2024-02-03 01:32:33,665 - INFO - début while cycle
2024-02-03 01:32:33,665 - INFO - fin while cycle
2024-02-03 01:32:33,665 - INFO - début while cycle
2024-02-03 01:32:33,665 - INFO - fin while cycle
2024-02-03 01:32:33,665 - INFO - début while cycle
2024-02-03 01:32:33,665 - INFO - fin while cycle
2024-02-03 01:32:33,665 - INFO - début while cycle
2024-02-03 01:32:33,665 - INFO - fin while cycle
2024-02-03 01:32:33,665 - INFO - début while cycle
2024-02-03 01:32:33,665 - INFO - fin while cycle
2024-02-03 01:32:33,665 - INFO - début while cycle
2024-02-03 01:32:33,666 - INFO - fin while cycle
2024-02-03 01:32:33,666 - INFO - début while cycle
2024-02-03 01:32:33,666 - INFO - fin while cycle
2024-02-03 01:32:33,666 - INFO - début while cycle
2024-02-03 01:32:33,666 - INFO - fin while cycle
2024-02-03 01:32:33,666 - INFO - début while cycle
2024-02-03 01:32:33,666 - INFO - fin while cycle
2024-02-03 01:32:33,666 - INFO - début while cycle
2024-02-03 01:32:33,666 - INFO - fin while cycle
2024-02-03 01:32:33,666 - INFO - début while cycle
2024-02-03 01:32:33,666 - INFO - fin while cycle
2024-02-03 01:32:33,666 - INFO - début while cycle
2024-02-03 01:32:33,666 - INFO - fin while cycle
2024-02-03 01:32:33,666 - INFO - début while cycle
2024-02-03 01:32:33,667 - INFO - fin while cycle
2024-02-03 01:32:33,667 - INFO - début while cycle
2024-02-03 01:32:33,667 - INFO - fin while cycle
2024-02-03 01:32:33,667 - INFO - début while cycle
2024-02-03 01:32:33,667 - INFO - fin while cycle
2024-02-03 01:32:33,667 - INFO - début while cycle
2024-02-03 01:32:33,667 - INFO - fin while cycle
2024-02-03 01:32:33,667 - INFO - début while cycle
2024-02-03 01:32:33,667 - INFO - fin while cycle
2024-02-03 01:32:33,667 - INFO - début while cycle
2024-02-03 01:32:33,667 - INFO - Aucun tanks disponibles sur ce timing -> retour au dépôt et démarrage sur la prochaine plage
2024-02-03 01:32:33,668 - INFO - Aucun tanks ne peut être collecté -> plus assez de place dans la cuve retour au dépôt et lancement d'un nouveau cycle
2024-02-03 01:32:33,668 - INFO - Plus assez de temps de travail pour collecter par rapport à l'agent -> on retourne au dépôt et on cloture la journée de collecte
2024-02-03 01:41:01,757 - INFO - début journey
2024-02-03 01:41:01,758 - INFO - début while cycle
2024-02-03 01:41:01,758 - INFO - fin while cycle
2024-02-03 01:41:01,758 - INFO - début while cycle
2024-02-03 01:41:01,759 - INFO - fin while cycle
2024-02-03 01:41:01,759 - INFO - début while cycle
2024-02-03 01:41:01,759 - INFO - fin while cycle
2024-02-03 01:41:01,759 - INFO - début while cycle
2024-02-03 01:41:01,759 - INFO - fin while cycle
2024-02-03 01:41:01,759 - INFO - début while cycle
2024-02-03 01:41:01,759 - INFO - fin while cycle
2024-02-03 01:41:01,759 - INFO - début while cycle
2024-02-03 01:41:01,759 - INFO - fin while cycle
2024-02-03 01:41:01,759 - INFO - début while cycle
2024-02-03 01:41:01,759 - INFO - fin while cycle
2024-02-03 01:41:01,759 - INFO - début while cycle
2024-02-03 01:41:01,759 - INFO - fin while cycle
2024-02-03 01:41:01,759 - INFO - début while cycle
2024-02-03 01:41:01,759 - INFO - fin while cycle
2024-02-03 01:41:01,760 - INFO - début while cycle
2024-02-03 01:41:01,760 - INFO - fin while cycle
2024-02-03 01:41:01,760 - INFO - début while cycle
2024-02-03 01:41:01,760 - INFO - fin while cycle
2024-02-03 01:41:01,760 - INFO - début while cycle
2024-02-03 01:41:01,760 - INFO - fin while cycle
2024-02-03 01:41:01,760 - INFO - début while cycle
2024-02-03 01:41:01,760 - INFO - fin while cycle
2024-02-03 01:41:01,760 - INFO - début while cycle
2024-02-03 01:41:01,760 - INFO - fin while cycle
2024-02-03 01:41:01,760 - INFO - début while cycle
2024-02-03 01:41:01,760 - INFO - fin while cycle
2024-02-03 01:41:01,760 - INFO - début while cycle
2024-02-03 01:41:01,761 - INFO - fin while cycle
2024-02-03 01:41:01,761 - INFO - début while cycle
2024-02-03 01:41:01,761 - INFO - fin while cycle
2024-02-03 01:41:01,761 - INFO - début while cycle
2024-02-03 01:41:01,761 - INFO - fin while cycle
2024-02-03 01:41:01,761 - INFO - début while cycle
2024-02-03 01:41:01,761 - INFO - fin while cycle
2024-02-03 01:41:01,761 - INFO - début while cycle
2024-02-03 01:41:01,761 - INFO - fin while cycle
2024-02-03 01:41:01,761 - INFO - début while cycle
2024-02-03 01:41:01,761 - INFO - fin while cycle
2024-02-03 01:41:01,761 - INFO - début while cycle
2024-02-03 01:41:01,762 - INFO - fin while cycle
2024-02-03 01:41:01,762 - INFO - début while cycle
2024-02-03 01:41:01,762 - INFO - fin while cycle
2024-02-03 01:41:01,762 - INFO - début while cycle
2024-02-03 01:41:01,762 - INFO - Aucun tanks disponibles sur ce timing -> retour au dépôt et démarrage sur la prochaine plage
2024-02-03 01:41:01,762 - INFO - Aucun tanks ne peut être collecté -> plus assez de place dans la cuve retour au dépôt et lancement d'un nouveau cycle
2024-02-03 01:41:01,762 - INFO - Plus assez de temps de travail pour collecter par rapport à l'agent -> on retourne au dépôt et on cloture la journée de collecte
2024-02-03 01:45:52,829 - INFO - début journey
2024-02-03 01:45:52,830 - INFO - début while cycle
2024-02-03 01:45:52,830 - INFO - fin while cycle
2024-02-03 01:45:52,830 - INFO - début while cycle
2024-02-03 01:45:52,830 - INFO - fin while cycle
2024-02-03 01:45:52,830 - INFO - début while cycle
2024-02-03 01:45:52,830 - INFO - fin while cycle
2024-02-03 01:45:52,830 - INFO - début while cycle
2024-02-03 01:45:52,830 - INFO - fin while cycle
2024-02-03 01:45:52,831 - INFO - début while cycle
2024-02-03 01:45:52,831 - INFO - fin while cycle
2024-02-03 01:45:52,831 - INFO - début while cycle
2024-02-03 01:45:52,831 - INFO - fin while cycle
2024-02-03 01:45:52,831 - INFO - début while cycle
2024-02-03 01:45:52,831 - INFO - fin while cycle
2024-02-03 01:45:52,831 - INFO - début while cycle
2024-02-03 01:45:52,831 - INFO - fin while cycle
2024-02-03 01:45:52,831 - INFO - début while cycle
2024-02-03 01:45:52,831 - INFO - fin while cycle
2024-02-03 01:45:52,831 - INFO - début while cycle
2024-02-03 01:45:52,831 - INFO - fin while cycle
2024-02-03 01:45:52,831 - INFO - début while cycle
2024-02-03 01:45:52,831 - INFO - fin while cycle
2024-02-03 01:45:52,832 - INFO - début while cycle
2024-02-03 01:45:52,832 - INFO - fin while cycle
2024-02-03 01:45:52,832 - INFO - début while cycle
2024-02-03 01:45:52,832 - INFO - fin while cycle
2024-02-03 01:45:52,832 - INFO - début while cycle
2024-02-03 01:45:52,832 - INFO - fin while cycle
2024-02-03 01:45:52,832 - INFO - début while cycle
2024-02-03 01:45:52,832 - INFO - fin while cycle
2024-02-03 01:45:52,832 - INFO - début while cycle
2024-02-03 01:45:52,832 - INFO - fin while cycle
2024-02-03 01:45:52,832 - INFO - début while cycle
2024-02-03 01:45:52,832 - INFO - fin while cycle
2024-02-03 01:45:52,832 - INFO - début while cycle
2024-02-03 01:45:52,832 - INFO - fin while cycle
2024-02-03 01:45:52,832 - INFO - début while cycle
2024-02-03 01:45:52,833 - INFO - fin while cycle
2024-02-03 01:45:52,833 - INFO - début while cycle
2024-02-03 01:45:52,833 - INFO - fin while cycle
2024-02-03 01:45:52,833 - INFO - début while cycle
2024-02-03 01:45:52,833 - INFO - fin while cycle
2024-02-03 01:45:52,833 - INFO - début while cycle
2024-02-03 01:45:52,833 - INFO - fin while cycle
2024-02-03 01:45:52,833 - INFO - début while cycle
2024-02-03 01:45:52,833 - INFO - fin while cycle
2024-02-03 01:45:52,833 - INFO - début while cycle
2024-02-03 01:45:52,833 - INFO - fin while cycle
2024-02-03 01:45:52,833 - INFO - début while cycle
2024-02-03 01:45:52,833 - INFO - fin while cycle
2024-02-03 01:45:52,833 - INFO - début while cycle
2024-02-03 01:45:52,834 - INFO - fin while cycle
2024-02-03 01:45:52,834 - INFO - début while cycle
2024-02-03 01:45:52,834 - INFO - fin while cycle
2024-02-03 01:45:52,834 - INFO - début while cycle
2024-02-03 01:45:52,834 - INFO - fin while cycle
2024-02-03 01:45:52,834 - INFO - début while cycle
2024-02-03 01:45:52,834 - INFO - fin while cycle
2024-02-03 01:45:52,834 - INFO - début while cycle
2024-02-03 01:45:52,834 - INFO - fin while cycle
2024-02-03 01:45:52,834 - INFO - début while cycle
2024-02-03 01:45:52,834 - INFO - fin while cycle
2024-02-03 01:45:52,834 - INFO - début while cycle
2024-02-03 01:45:52,834 - INFO - fin while cycle
2024-02-03 01:45:52,834 - INFO - début while cycle
2024-02-03 01:45:52,835 - INFO - fin while cycle
2024-02-03 01:45:52,835 - INFO - début while cycle
2024-02-03 01:45:52,835 - INFO - fin while cycle
2024-02-03 01:45:52,835 - INFO - début while cycle
2024-02-03 01:45:52,835 - INFO - fin while cycle
2024-02-03 01:45:52,835 - INFO - début while cycle
2024-02-03 01:45:52,835 - INFO - fin while cycle
2024-02-03 01:45:52,835 - INFO - début while cycle
2024-02-03 01:45:52,835 - INFO - Aucun tanks disponibles sur ce timing -> retour au dépôt et démarrage sur la prochaine plage
2024-02-03 01:45:52,835 - INFO - Aucun tanks ne peut être collecté -> plus assez de place dans la cuve retour au dépôt et lancement d'un nouveau cycle
2024-02-03 01:45:52,835 - INFO - Plus assez de temps de travail pour collecter par rapport à l'agent -> on retourne au dépôt et on cloture la journée de collecte
2024-02-03 01:45:52,835 - INFO - fin while cycle
